c:\users\rusty\source\repos\inclinometryuploader\inclinometryuploader\x64\debug\armdataprocessor.obj
c:\users\rusty\source\repos\inclinometryuploader\inclinometryuploader\x64\debug\xlsreceiver.obj
c:\users\rusty\source\repos\inclinometryuploader\inclinometryuploader\x64\debug\dbconnection.obj
c:\users\rusty\source\repos\inclinometryuploader\inclinometryuploader\x64\debug\uploader.obj
c:\users\rusty\source\repos\inclinometryuploader\inclinometryuploader\x64\debug\queryreceiver.obj
c:\users\rusty\source\repos\inclinometryuploader\inclinometryuploader\x64\debug\receiver.obj
c:\users\rusty\source\repos\inclinometryuploader\inclinometryuploader\x64\debug\wellinterval.obj
c:\users\rusty\source\repos\inclinometryuploader\inclinometryuploader\x64\debug\dataprocessor.obj
c:\users\rusty\source\repos\inclinometryuploader\inclinometryuploader\x64\debug\task.obj
c:\users\rusty\source\repos\inclinometryuploader\inclinometryuploader\x64\debug\isohowell.obj
c:\users\rusty\source\repos\inclinometryuploader\inclinometryuploader\x64\debug\main.obj
c:\users\rusty\source\repos\inclinometryuploader\inclinometryuploader\x64\debug\exceluploader.obj
c:\users\rusty\source\repos\inclinometryuploader\inclinometryuploader\x64\debug\xlswrapper.obj
c:\users\rusty\source\repos\inclinometryuploader\inclinometryuploader\x64\debug\vc142.pdb
c:\users\rusty\source\repos\inclinometryuploader\inclinometryuploader\x64\debug\moc_wellinterval.obj
c:\users\rusty\source\repos\inclinometryuploader\inclinometryuploader\x64\debug\moc_task.obj
c:\users\rusty\source\repos\inclinometryuploader\inclinometryuploader\x64\debug\moc\moc_task.cpp
c:\users\rusty\source\repos\inclinometryuploader\inclinometryuploader\x64\debug\moc\moc_wellinterval.cpp
c:\users\rusty\source\repos\inclinometryuploader\x64\debug\inclinometryuploader.exe
c:\users\rusty\source\repos\inclinometryuploader\x64\debug\inclinometryuploader.ilk
c:\users\rusty\source\repos\inclinometryuploader\x64\debug\inclinometryuploader.pdb
c:\users\rusty\source\repos\inclinometryuploader\inclinometryuploader\x64\debug\armdataprocessor.nativecodeanalysis.xml
c:\users\rusty\source\repos\inclinometryuploader\inclinometryuploader\x64\debug\dataprocessor.nativecodeanalysis.xml
c:\users\rusty\source\repos\inclinometryuploader\inclinometryuploader\x64\debug\dbconnection.nativecodeanalysis.xml
c:\users\rusty\source\repos\inclinometryuploader\inclinometryuploader\x64\debug\isohowell.nativecodeanalysis.xml
c:\users\rusty\source\repos\inclinometryuploader\inclinometryuploader\x64\debug\main.nativecodeanalysis.xml
c:\users\rusty\source\repos\inclinometryuploader\inclinometryuploader\x64\debug\queryreceiver.nativecodeanalysis.xml
c:\users\rusty\source\repos\inclinometryuploader\inclinometryuploader\x64\debug\receiver.nativecodeanalysis.xml
c:\users\rusty\source\repos\inclinometryuploader\inclinometryuploader\x64\debug\task.nativecodeanalysis.xml
c:\users\rusty\source\repos\inclinometryuploader\inclinometryuploader\x64\debug\uploader.nativecodeanalysis.xml
c:\users\rusty\source\repos\inclinometryuploader\inclinometryuploader\x64\debug\wellinterval.nativecodeanalysis.xml
c:\users\rusty\source\repos\inclinometryuploader\inclinometryuploader\x64\debug\xlsreceiver.nativecodeanalysis.xml
c:\users\rusty\source\repos\inclinometryuploader\inclinometryuploader\x64\debug\xlswrapper.nativecodeanalysis.xml
c:\users\rusty\source\repos\inclinometryuploader\inclinometryuploader\x64\debug\inclinom.06a8be4b.tlog\cl.command.1.tlog
c:\users\rusty\source\repos\inclinometryuploader\inclinometryuploader\x64\debug\inclinom.06a8be4b.tlog\cl.read.1.tlog
c:\users\rusty\source\repos\inclinometryuploader\inclinometryuploader\x64\debug\inclinom.06a8be4b.tlog\cl.write.1.tlog
c:\users\rusty\source\repos\inclinometryuploader\inclinometryuploader\x64\debug\inclinom.06a8be4b.tlog\inclinometryuploader.write.1u.tlog
c:\users\rusty\source\repos\inclinometryuploader\inclinometryuploader\x64\debug\inclinom.06a8be4b.tlog\link.command.1.tlog
c:\users\rusty\source\repos\inclinometryuploader\inclinometryuploader\x64\debug\inclinom.06a8be4b.tlog\link.read.1.tlog
c:\users\rusty\source\repos\inclinometryuploader\inclinometryuploader\x64\debug\inclinom.06a8be4b.tlog\link.write.1.tlog
c:\users\rusty\source\repos\inclinometryuploader\inclinometryuploader\x64\debug\inclinom.06a8be4b.tlog\moc.read.1u.tlog
c:\users\rusty\source\repos\inclinometryuploader\inclinometryuploader\x64\debug\inclinom.06a8be4b.tlog\moc.write.1u.tlog
